<?xml version="1.0" encoding="UTF-8"?>
<!-- Generated by org.testng.reporters.JUnitReportReporter -->
<testsuite skipped="0" hostname="Fargabs-MacBook-Pro.local" name="testScripts.GetPassengerTest" tests="1" failures="0" timestamp="2022-12-14T12:00:00 EST" time="14.012" errors="0">
  <testcase name="testGetPassenger" time="14.012" classname="testScripts.GetPassengerTest"/>
  <system-out/>
</testsuite> <!-- testScripts.GetPassengerTest -->
