<?xml version="1.0" encoding="UTF-8"?>
<!-- Generated by org.testng.reporters.JUnitReportReporter -->
<testsuite skipped="3" hostname="Fargabs-MacBook-Pro.local" name="test.GetApiTest" tests="4" failures="0" timestamp="2022-12-12T18:21:30 EST" time="6.311" errors="0">
  <testcase name="getCallComplexValidatinoJsonPath" time="6.311" classname="test.GetApiTest"/>
  <system-out/>
  <testcase name="getCallStatusCodeValidatino" classname="test.GetApiTest">
    <skipped/>
  </testcase> <!-- getCallStatusCodeValidatino -->
  <system-out/>
  <testcase name="getCallListValidatino" classname="test.GetApiTest">
    <skipped/>
  </testcase> <!-- getCallListValidatino -->
  <system-out/>
  <testcase name="getCallBodyCodeValidatino" classname="test.GetApiTest">
    <skipped/>
  </testcase> <!-- getCallBodyCodeValidatino -->
  <system-out/>
</testsuite> <!-- test.GetApiTest -->
