<?xml version="1.0" encoding="UTF-8"?>
<!-- Generated by org.testng.reporters.JUnitReportReporter -->
<testsuite skipped="0" hostname="Fargabs-MacBook-Pro.local" name="testScripts.GetUserTest" tests="1" failures="0" timestamp="2022-12-14T17:51:14 EST" time="3.224" errors="0">
  <testcase name="getUsers" time="3.224" classname="testScripts.GetUserTest"/>
  <system-out/>
</testsuite> <!-- testScripts.GetUserTest -->
