<?xml version="1.0" encoding="UTF-8"?>
<!-- Generated by org.testng.reporters.JUnitReportReporter -->
<testsuite skipped="1" hostname="Fargabs-MacBook-Pro.local" name="test.ApiTest" tests="2" failures="0" timestamp="2022-12-12T16:45:50 EST" time="3.087" errors="0">
  <testcase name="getCallBodyCodeValidatino" time="3.087" classname="test.ApiTest"/>
  <system-out/>
  <testcase name="getCallStatusCodeValidatino" classname="test.ApiTest">
    <skipped/>
  </testcase> <!-- getCallStatusCodeValidatino -->
  <system-out/>
</testsuite> <!-- test.ApiTest -->
