<?xml version="1.0" encoding="UTF-8"?>
<!-- Generated by org.testng.reporters.JUnitReportReporter -->
<testsuite skipped="4" hostname="Fargabs-MacBook-Pro.local" name="test.PostApiTest" tests="5" failures="0" timestamp="2022-12-13T01:07:09 EST" time="3.386" errors="0">
  <testcase name="postPassengerTestWithMap" time="3.386" classname="test.PostApiTest"/>
  <system-out/>
  <testcase name="postPassengerTestWithFileAsInputByteArray" classname="test.PostApiTest">
    <skipped/>
  </testcase> <!-- postPassengerTestWithFileAsInputByteArray -->
  <system-out/>
  <testcase name="postPassengerTestWithFileAsInputStrean" classname="test.PostApiTest">
    <skipped/>
  </testcase> <!-- postPassengerTestWithFileAsInputStrean -->
  <system-out/>
  <testcase name="postPassengerPrettyPrintTest" classname="test.PostApiTest">
    <skipped/>
  </testcase> <!-- postPassengerPrettyPrintTest -->
  <system-out/>
  <testcase name="postPassengerTestWithFile" classname="test.PostApiTest">
    <skipped/>
  </testcase> <!-- postPassengerTestWithFile -->
  <system-out/>
</testsuite> <!-- test.PostApiTest -->
